run  1000
Neighbor list info ...
  update every 1 steps, delay 0 steps, check yes
  max neighbors/atom: 2000, page size: 100000
  master list distance cutoff = 10.7
  ghost atom cutoff = 10.7
  binsize = 5.35, bins = 4 4 4
  1 neighbor lists, perpetual/occasional/extra = 1 0 0
  (1) pair body, perpetual
      pair build: half/bin/newton
      stencil: half/bin/3d/newton
      bin: standard
Memory usage per processor = 7.34002 Mbytes
Step Temp c_1 PotEng TotEng 
       0          300    149.65197            0    192.26225 
       1    301.74798    151.98613            0    193.38249 
       2    304.01601    157.42761            0    194.83601 
       3    306.77646    165.74563            0    196.60511 
       4     309.9624    176.55916            0    198.64689 
       5    313.48483    189.36318            0    200.90433 
       6    317.29061    203.46834            0    203.34336 
       7    321.31952    218.12943            0    205.92538 
       8    325.53262    232.80801            0    208.62544 
       9    329.86831    246.97968            0    211.40407 
      10    334.22964    260.05834            0    214.19914 
      11    338.57507    271.47762            0    216.98401 
      12    342.91379    280.82892            0    219.76458 
      13    347.25791    287.97923            0    222.54862 
      14    351.56384    292.95295            0    225.30818 
      15    355.81427    295.85482            0    228.03217 
      16    360.01984    296.98196            0    230.72741 
      17    364.15972    296.73656            0    233.38055 
      18    368.18747    295.47472            0    235.96184 
      19    372.08572     293.5806            0    238.46012 
      20    375.87527    291.46422            0    240.88875 
      21    379.55018    289.39662            0    243.24391 
      22    383.07842    287.55608            0    245.50506 
      23    386.42016    286.03324            0    247.64669 
      24    389.56562    285.02258            0    249.66254 
      25    392.51451    284.68962            0    251.55241 
      26    395.29127    284.95488            0    253.33196 
      27    397.90998    285.74751            0    255.01022 
      28    400.32561    286.99525            0    256.55834 
      29    402.52354    288.60252            0    257.96694 
      30    404.49071    290.45454            0    259.22765 
      31    406.22333    292.35631            0    260.33804 
      32    407.69694    294.08534            0    261.28243 
      33     408.9027    295.50177            0    262.05518 
      34    409.84608    296.58056            0    262.65976 
      35    410.51996    297.30033            0    263.09164 
      36    410.95804    297.59895            0    263.37239 
      37    411.18657    297.53769            0    263.51885 
      38    411.22291    297.16325            0    263.54214 
      39    411.06601    296.50795            0    263.44159 
      40    410.72018    295.65979            0    263.21995 
      41    410.21395    294.65733            0    262.89552 
      42     409.5687     293.5583            0      262.482 
      43    408.81551    292.50019            0     261.9993 
      44    407.95934    291.61169            0     261.4506 
      45    407.03305    290.98689            0    260.85696 
      46    406.09572    290.66146            0    260.25626 
      47    405.17435    290.62712            0    259.66577 
      48    404.29015    290.88048            0    259.09911 
      49    403.48812    291.40291            0    258.58511 
      50    402.79565     292.2093            0    258.14132 
      51    402.19436    293.20746            0    257.75597 
      52    401.66642    294.29983            0    257.41763 
      53    401.19846    295.47617            0    257.11773 
      54    400.78589      296.654            0    256.85332 
      55    400.43631     297.8077            0    256.62928 
      56    400.17141    298.87376            0    256.45952 
      57    400.00151    299.79032            0    256.35063 
      58    399.91737    300.50712            0    256.29671 
      59    399.89533     300.9969            0    256.28258 
      60    399.93713    301.27724            0    256.30937 
      61    400.08365     301.4333            0    256.40327 
      62    400.31169    301.53874            0    256.54942 
      63     400.6251    301.61611            0    256.75028 
      64    401.05378    301.75444            0      257.025 
      65    401.58064    302.02353            0    257.36265 
      66    402.17459    302.39777            0     257.7433 
      67    402.81793    302.78858            0     258.1556 
      68    403.52457    303.15444            0    258.60847 
      69    404.28454    303.51762            0    259.09551 
      70    405.06652    303.87517            0    259.59667 
      71    405.82714    304.21853            0    260.08413 
      72    406.54482    304.60634            0    260.54407 
      73    407.20781    305.07657            0    260.96897 
      74    407.76419    305.46999            0    261.32553 
      75     408.2071    305.77188            0    261.60938 
      76    408.53316    305.99853            0    261.81835 
      77    408.70088    306.04964            0    261.92584 
      78    408.69761    305.93898            0    261.92374 
      79     408.5405    305.76588            0    261.82305 
      80    408.24278    305.64173            0    261.63225 
      81     407.8181    305.48181            0    261.36008 
      82    407.24429    305.24641            0    260.99234 
      83    406.46775    304.92673            0    260.49468 
      84    405.49353    304.57417            0    259.87032 
      85    404.34352    304.33446            0    259.13331 
      86    403.06277    304.21033            0    258.31251 
      87    401.66602    304.13665            0    257.41737 
      88    400.12901    304.00177            0    256.43234 
      89    398.48086    303.75372            0    255.37609 
      90    396.75722    303.35711            0    254.27145 
      91    394.99694    302.83398            0    253.14333 
      92    393.25934    302.25556            0    252.02975 
      93    391.57161    301.54674            0    250.94813 
      94    389.93814    300.71497            0    249.90128 
      95    388.36384    299.71101            0    248.89235 
      96    386.83205    298.48671            0    247.91066 
      97    385.36327    297.10173            0    246.96936 
      98    384.00075    295.65597            0    246.09616 
      99    382.77334    294.27195            0    245.30954 
     100    381.69643    292.97115            0    244.61938 
     101    380.77489    291.79598            0    244.02879 
     102     380.0113    290.87464            0    243.53942 
     103    379.40448    290.27716            0    243.15053 
     104    378.96351    289.91659            0    242.86792 
     105     378.7068    289.79788            0     242.7034 
     106    378.59021    289.89676            0    242.62868 
     107    378.56298    290.10546            0    242.61124 
     108    378.61748    290.42997            0    242.64616 
     109    378.73677    290.77357            0    242.72261 
     110    378.93054    291.00567            0    242.84679 
     111    379.17847    291.16181            0    243.00568 
     112    379.47835    291.26471            0    243.19787 
     113    379.83696    291.35839            0    243.42769 
     114    380.22325    291.56169            0    243.67525 
     115    380.64118    291.79008            0     243.9431 
     116    381.07216    291.95203            0     244.2193 
     117    381.52659    292.03523            0    244.51053 
     118    382.04208    292.00555            0     244.8409 
     119    382.60965    291.92465            0    245.20464 
     120    383.22098    291.85034            0    245.59643 
     121    383.85145     291.7866            0    246.00048 
     122     384.4856      291.834            0    246.40689 
     123    385.15296    292.03231            0    246.83458 
     124    385.88739    292.34869            0    247.30526 
     125    386.69693     292.8304            0    247.82407 
     126    387.56215    293.45904            0    248.37857 
     127    388.45724    294.24214            0    248.95221 
     128    389.38358    295.18419            0    249.54588 
     129    390.32935    296.26033            0    250.15199 
     130    391.28135    297.51455            0     250.7621 
     131    392.22631    298.87039            0    251.36771 
     132    393.12334    300.23391            0    251.94259 
     133    393.96008    301.54219            0    252.47883 
     134    394.73743    302.66542            0    252.97702 
     135    395.45187    303.60265            0    253.43489 
     136    396.09025    304.38882            0      253.844 
     137    396.60074    304.97692            0    254.17117 
     138    396.96822    305.32991            0    254.40668 
     139    397.24943    305.55129            0     254.5869 
     140    397.45864    305.79352            0    254.72097 
     141    397.60207    306.16553            0    254.81289 
     142    397.70767    306.63936            0    254.88057 
     143    397.76702    307.17156            0    254.91861 
     144    397.78633    307.88987            0    254.93098 
     145    397.77392    308.81799            0    254.92302 
     146    397.70531    309.92734            0    254.87906 
     147    397.57202    311.31718            0    254.79364 
     148    397.36924    312.97995            0    254.66368 
     149    397.12281    314.74202            0    254.50575 
     150    396.84403    316.39139            0    254.32709 
     151    396.47688    317.73954            0    254.09179 
     152    396.03999    318.67241            0    253.81179 
     153    395.57346     319.1835            0    253.51281 
     154    395.05233    319.18608            0    253.17883 
     155    394.45186    318.51354            0    252.79401 
     156    393.83148    317.32429            0    252.39642 
     157    393.20994    315.82644            0    251.99809 
     158    392.53257    314.13918            0    251.56398 
     159    391.80995    312.47926            0    251.10087 
     160    391.06785    311.05553            0    250.62528 
     161    390.31818    309.85413            0    250.14484 
     162    389.57138    308.82727            0    249.66623 
     163    388.78955    308.00243            0    249.16517 
     164    387.93714    307.34888            0    248.61889 
     165    387.04955    306.91246            0    248.05006 
     166    386.13597    306.60467            0    247.46456 
     167    385.16806    306.36686            0    246.84426 
     168     384.1279    306.25469            0    246.17765 
     169    383.02206    306.21605            0    245.46894 
     170    381.85563    306.22271            0    244.72141 
     171    380.62631    306.25096            0    243.93356 
     172    379.34314    306.22967            0    243.11122 
     173    377.99799    306.01956            0    242.24914 
     174    376.56068    305.57408            0    241.32801 
     175    375.04766    304.93267            0    240.35836 
     176    373.50448    304.10943            0    239.36937 
     177    371.95161    303.11157            0    238.37418 
     178    370.39285     301.9285            0    237.37521 
     179    368.83792    300.71886            0    236.37869 
     180    367.33682     299.5731            0    235.41668 
     181    365.92531    298.43991            0    234.51207 
     182    364.63813     297.3845            0    233.68716 
     183    363.50287    296.46279            0     232.9596 
     184    362.51089    295.56096            0    232.32386 
     185    361.65914    294.67278            0      231.778 
     186    360.96023    293.89142            0    231.33009 
     187    360.43154    293.18729            0    230.99126 
     188    360.09825     292.6773            0    230.77766 
     189    359.94689    292.32872            0    230.68066 
     190     359.9483    292.11407            0    230.68156 
     191    360.06784    292.12026            0    230.75817 
     192     360.2802    292.34186            0    230.89427 
     193    360.61103    292.74985            0    231.10629 
     194    361.04065    293.17954            0    231.38162 
     195    361.51979    293.51379            0    231.68869 
     196    362.04123     293.7161            0    232.02287 
     197    362.58071    293.72724            0    232.36861 
     198    363.10527    293.55773            0    232.70479 
     199    363.62386    293.33655            0    233.03714 
     200    364.12135    293.19448            0    233.35596 
     201    364.53555    293.17834            0    233.62141 
     202    364.85498    293.23475            0    233.82613 
     203    365.05177     293.3446            0    233.95225 
     204    365.09921    293.60171            0    233.98265 
     205    364.99158    294.01753            0    233.91367 
     206    364.66806    294.46467            0    233.70634 
     207    364.12134    294.90294            0    233.35596 
     208    363.37053     295.3491            0    232.87479 
     209    362.39177    295.73791            0    232.24752 
     210     361.1732    296.03421            0    231.46657 
     211    359.70897    296.12646            0    230.52819 
     212    358.01927    296.04032            0     229.4453 
     213    356.13795    295.85316            0    228.23961 
     214    354.10525    295.45763            0     226.9369 
     215    351.99379    294.96698            0    225.58373 
     216     349.8452    294.45481            0    224.20675 
     217    347.67279    293.84822            0    222.81451 
     218    345.50228    293.09324            0    221.42348 
     219    343.36702    292.15328            0    220.05505 
     220    341.27986    291.07667            0    218.71744 
     221    339.22481     289.8749            0    217.40041 
     222    337.23699    288.58858            0    216.12647 
     223    335.36192    287.38718            0    214.92479 
     224    333.61432    286.44898            0     213.8048 
     225    331.99904    285.79703            0    212.76961 
     226    330.51902    285.30178            0     211.8211 
     227    329.19583     284.8724            0     210.9731 
     228    328.01341    284.57797            0    210.21532 
     229    326.96359    284.54423            0    209.54252 
     230    326.06652    284.82503            0     208.9676 
     231     325.3175    285.45712            0    208.48758 
     232    324.69803    286.46039            0    208.09057 
     233    324.20173    287.66346            0    207.77251 
     234    323.81084    288.85148            0      207.522 
     235      323.518    289.97828            0    207.33432 
     236    323.32271    291.02035            0    207.20917 
     237    323.21416    291.91773            0     207.1396 
     238    323.17053    292.55099            0    207.11164 
     239    323.18511    292.87608            0    207.12099 
     240    323.26607    292.91491            0    207.17287 
     241    323.39398    292.58444            0    207.25485 
     242    323.56943    291.85525            0    207.36729 
     243    323.78828    290.75976            0    207.50754 
     244    324.02898    289.45155            0     207.6618 
     245    324.27029    288.11652            0    207.81645 
     246     324.4766    286.70449            0    207.94867 
     247    324.68193    285.28514            0    208.08026 
     248    324.87534    284.08336            0    208.20421 
     249    325.00546    283.20547            0     208.2876 
     250    325.10043    282.65894            0    208.34847 
     251    325.16454    282.45993            0    208.38955 
     252    325.16355    282.60589            0    208.38892 
     253    325.09485    283.01239            0    208.34489 
     254    324.97756    283.66918            0    208.26972 
     255    324.81803    284.61311            0    208.16748 
     256    324.61809    285.78304            0    208.03935 
     257    324.37333    287.03673            0    207.88249 
     258    324.09676    288.28657            0    207.70524 
     259    323.79689    289.39927            0    207.51306 
     260    323.43704    290.29964            0    207.28244 
     261    323.02489    291.11134            0    207.01831 
     262    322.60088     291.7999            0    206.74657 
     263    322.15954    292.33435            0    206.46373 
     264    321.67911    292.77772            0    206.15583 
     265    321.16072    293.14366            0    205.82361 
     266    320.63516    293.36184            0    205.48679 
     267     320.1073    293.45811            0     205.1485 
     268    319.59916    293.62226            0    204.82285 
     269    319.14252    293.89893            0     204.5302 
     270    318.77501     294.3153            0    204.29467 
     271    318.49534    294.99477            0    204.11543 
     272    318.30033    296.00519            0    203.99046 
     273    318.21076    297.31555            0    203.93305 
     274    318.20394    298.82403            0    203.92868 
     275    318.24894    300.38834            0    203.95752 
     276    318.32644     301.8772            0    204.00719 
     277    318.44577    303.23363            0    204.08367 
     278    318.63007    304.34735            0    204.20178 
     279     318.8656    305.00053            0    204.35272 
     280    319.13816     305.0943            0     204.5274 
     281    319.44364    304.46456            0    204.72317 
     282    319.76026    303.03691            0    204.92609 
     283    320.06674    300.95241            0     205.1225 
     284    320.34739    298.31695            0    205.30237 
     285    320.62055    295.27355            0    205.47743 
     286    320.88821    291.99809            0    205.64896 
     287    321.14978    288.81445            0     205.8166 
     288    321.42361    286.07706            0    205.99209 
     289    321.72367    284.05855            0    206.18439 
     290    322.07655    282.90833            0    206.41054 
     291    322.47116    282.77045            0    206.66343 
     292    322.86771    283.66362            0    206.91757 
     293    323.22837    285.45408            0    207.14871 
     294    323.51363    287.94536            0    207.33153 
     295    323.71541    290.89308            0    207.46084 
     296    323.84311    294.05469            0    207.54268 
     297    323.86168    297.13465            0    207.55458 
     298    323.75428    299.98161            0    207.48575 
     299    323.53973    302.45213            0    207.34826 
     300     323.2325    304.49673            0    207.15136 
     301    322.81547    306.06249            0    206.88409 
     302    322.25766    306.98733            0    206.52661 
     303    321.55815    307.22309            0    206.07831 
     304    320.74001    306.70691            0    205.55399 
     305    319.84952    305.54957            0    204.98329 
     306    318.92809    303.99479            0    204.39277 
     307    317.99713    302.19669            0    203.79614 
     308    317.04463      300.245            0    203.18571 
     309    316.05243    298.32764            0    202.54983 
     310    315.00411    296.50976            0    201.87799 
     311    313.89127     294.8126            0     201.1648 
     312    312.72778    293.26439            0    200.41916 
     313     311.5387    291.95854            0    199.65711 
     314    310.34186    291.02028            0    198.89008 
     315    309.11737    290.42232            0    198.10533 
     316     307.8497    290.07544            0    197.29292 
     317    306.54152    289.88274            0    196.45454 
     318     305.2132    289.78804            0    195.60325 
     319    303.88955    289.71964            0    194.75496 
     320    302.57923    289.53978            0    193.91521 
     321    301.30253    289.21035            0    193.09701 
     322    300.06373    288.75452            0    192.30309 
     323    298.84631    288.13888            0    191.52288 
     324    297.65467    287.42257            0    190.75919 
     325    296.51884    286.58545            0    190.03126 
     326    295.46329    285.79073            0    189.35479 
     327    294.50502    285.17848            0    188.74066 
     328    293.64957    284.66581            0    188.19242 
     329    292.87153    284.22071            0    187.69379 
     330    292.16793    283.82577            0    187.24288 
     331    291.56804    283.48653            0    186.85843 
     332    291.06429    283.26272            0    186.53558 
     333    290.67498    283.22795            0    186.28608 
     334    290.40602    283.37016            0    186.11372 
     335    290.28204    283.73236            0    186.03426 
     336    290.33646    284.34202            0    186.06913 
     337    290.53553    285.16033            0    186.19671 
     338    290.84626    286.04509            0    186.39585 
     339    291.25933    286.95159            0    186.66058 
     340    291.79231    287.81979            0    187.00215 
     341    292.40817    288.41876            0    187.39684 
     342    293.09288    288.81399            0    187.83565 
     343    293.85169    289.15224            0    188.32195 
     344    294.69807    289.32641            0    188.86438 
     345    295.64951    289.30224            0    189.47413 
     346    296.68213    289.03097            0    190.13591 
     347    297.80016      288.493            0    190.85243 
     348    298.97919    287.80459            0    191.60804 
     349    300.20793    287.07149            0     192.3955 
     350    301.46378    286.31475            0    193.20034 
     351    302.70525    285.51737            0    193.99597 
     352    303.92971    284.74484            0    194.78069 
     353    305.12785     284.0582            0    195.54855 
     354    306.29913    283.40958            0     196.2992 
     355      307.456    282.85045            0    197.04061 
     356    308.58564    282.54121            0    197.76456 
     357    309.65757    282.51507            0    198.45154 
     358     310.6547    282.77173            0    199.09057 
     359    311.57422    283.32061            0    199.67987 
     360     312.4383    284.11119            0    200.23363 
     361     313.2772    285.05138            0    200.77126 
     362    314.06716    286.13311            0    201.27753 
     363    314.78537    287.38436            0    201.73781 
     364    315.42811    288.64706            0    202.14973 
     365    315.97396    289.79903            0    202.49955 
     366    316.43094     290.8178            0    202.79241 
     367     316.8271    291.70752            0     203.0463 
     368    317.15944    292.48146            0    203.25929 
     369    317.41791     293.0927            0    203.42494 
     370    317.61173    293.49362            0    203.54915 
     371    317.76592    293.69104            0    203.64797 
     372     317.8854     293.6325            0    203.72454 
     373    317.95026    293.34531            0     203.7661 
     374    317.95305    292.87631            0    203.76789 
     375    317.90432    292.22868            0    203.73667 
     376     317.8009     291.3449            0    203.67038 
     377    317.62215    290.28517            0    203.55583 
     378    317.40855    289.23209            0    203.41894 
     379    317.17083    288.22781            0    203.26659 
     380    316.89519    287.33615            0    203.08994 
     381    316.60439    286.63639            0    202.90357 
     382    316.29086    286.09947            0    202.70264 
     383    315.97436    285.80798            0     202.4998 
     384    315.67506    285.79072            0    202.30799 
     385    315.39137    285.95235            0    202.12618 
     386    315.10462    286.33485            0    201.94241 
     387     314.8012    286.98671            0    201.74795 
     388    314.47217    287.82009            0    201.53709 
     389    314.11825    288.69206            0    201.31027 
     390    313.75898    289.56321            0    201.08002 
     391    313.39752    290.47883            0    200.84837 
     392    313.02476    291.38086            0    200.60948 
     393    312.60869    292.15163            0    200.34283 
     394    312.14696    292.71145            0    200.04692 
     395    311.66244    293.01132            0     199.7364 
     396    311.14208    293.04109            0    199.40292 
     397    310.59605    292.79498            0    199.05298 
     398    310.04312    292.44302            0    198.69862 
     399    309.46711    292.01845            0    198.32947 
     400    308.84999    291.37676            0    197.93398 
     401    308.20855    290.58756            0     197.5229 
     402    307.56875     289.6233            0    197.11287 
     403    306.91579    288.47207            0     196.6944 
     404    306.23013    287.29199            0    196.25498 
     405     305.5152    286.08216            0     195.7968 
     406    304.77458    284.89136            0    195.32215 
     407    304.02326    283.95002            0    194.84065 
     408    303.25891    283.30162            0     194.3508 
     409    302.48852    282.89523            0    193.85708 
     410    301.73939    282.79754            0    193.37698 
     411    301.02154    283.08575            0    192.91693 
     412    300.33417    283.76952            0    192.47641 
     413    299.68201    284.83332            0    192.05846 
     414    299.08045    286.21764            0    191.67293 
     415    298.53152    287.72563            0    191.32113 
     416    298.03969    289.18833            0    191.00594 
     417    297.59756    290.50539            0    190.72258 
     418    297.19095    291.56283            0      190.462 
     419    296.81444    292.31634            0    190.22071 
     420    296.45692    292.79721            0    189.99158 
     421    296.12695    293.04951            0    189.78011 
     422    295.86635    293.05609            0     189.6131 
     423    295.69027    292.75939            0    189.50026 
     424    295.59979    292.21904            0    189.44227 
     425     295.5954    291.47163            0    189.43945 
     426      295.673    290.59488            0    189.48919 
     427    295.82457    289.82698            0    189.58632 
     428    296.03948    289.27457            0    189.72405 
     429    296.33901    289.00862            0    189.91601 
     430    296.72577    289.12271            0    190.16388 
     431    297.17477    289.65442            0    190.45163 
     432    297.65184    290.50616            0    190.75738 
     433    298.13893    291.67162            0    191.06954 
     434    298.64316    293.23186            0    191.39268 
     435    299.15155    295.08391            0     191.7185 
     436    299.67076    297.05376            0    192.05125 
     437    300.21291    299.06356            0     192.3987 
     438    300.77861    301.11394            0    192.76124 
     439    301.33828    303.11494            0    193.11992 
     440    301.86569    304.94558            0    193.45792 
     441    302.40194    306.64169            0    193.80159 
     442    302.93467    308.09758            0      194.143 
     443    303.44897    309.12729            0    194.47261 
     444    303.94758    309.65168            0    194.79215 
     445     304.4123    309.76661            0    195.08998 
     446    304.83583    309.48608            0     195.3614 
     447    305.22537    308.76873            0    195.61105 
     448    305.61774    307.60723            0    195.86251 
     449    306.00584    306.06752            0    196.11124 
     450    306.39104    304.39315            0     196.3581 
     451    306.78952    302.78286            0    196.61347 
     452    307.18175    301.28332            0    196.86485 
     453    307.58539    299.82346            0    197.12353 
     454    308.02363    298.30765            0    197.40438 
     455    308.48867    296.75235            0    197.70242 
     456    308.94763    295.37533            0    197.99656 
     457    309.39285    294.31629            0    198.28188 
     458    309.85454     293.5786            0    198.57777 
     459    310.34323    293.17768            0    198.89095 
     460    310.86344    293.12386            0    199.22434 
     461    311.37509    293.39865            0    199.55225 
     462    311.85842    294.02181            0      199.862 
     463    312.28389    294.97481            0    200.13467 
     464     312.6048    296.00569            0    200.34034 
     465    312.81862    296.87558            0    200.47737 
     466    312.93862    297.57869            0    200.55428 
     467    312.95562    298.19826            0    200.56517 
     468    312.85662    298.75064            0    200.50172 
     469    312.65871    299.25475            0    200.37489 
     470     312.3579    299.69675            0    200.18211 
     471    311.96357    300.09144            0    199.92939 
     472    311.50112    300.49699            0    199.63302 
     473    310.99425    300.91276            0    199.30818 
     474    310.45031    301.37888            0    198.95958 
     475    309.82818     301.8905            0    198.56087 
     476     309.1186    302.40771            0    198.10612 
     477    308.33068    302.92804            0    197.60117 
     478    307.49506    303.39368            0    197.06564 
     479    306.65761    303.83836            0    196.52894 
     480    305.81786    304.40333            0    195.99076 
     481    304.97577    304.98261            0    195.45109 
     482    304.11454     305.3727            0    194.89915 
     483      303.252    305.61032            0    194.34637 
     484    302.44947    305.84187            0    193.83205 
     485    301.71653    306.11714            0    193.36233 
     486    301.05749    306.25545            0    192.93997 
     487    300.48996    306.10094            0    192.57625 
     488    299.99294    305.67473            0    192.25772 
     489    299.55615     305.1562            0     191.9778 
     490    299.16639    304.63892            0    191.72801 
     491    298.79407    303.98037            0     191.4894 
     492    298.45318    303.16616            0    191.27093 
     493    298.17197     302.3905            0    191.09071 
     494    297.95529    301.88526            0    190.95185 
     495    297.81208    301.74575            0    190.86007 
     496    297.72136    301.88711            0    190.80193 
     497    297.65577    302.20245            0    190.75989 
     498    297.62703    302.66785            0    190.74147 
     499    297.65392    303.37032            0     190.7587 
     500    297.73401    304.48059            0    190.81004 
     501    297.87503    305.88074            0    190.90041 
     502    298.07435     307.3775            0    191.02815 
     503    298.30003    308.90896            0    191.17278 
     504    298.53767    310.41648            0    191.32508 
     505    298.78147    311.82051            0    191.48132 
     506    299.03221    313.08001            0    191.64202 
     507    299.28112     314.1493            0    191.80154 
     508    299.52008    314.85382            0    191.95468 
     509    299.78255    315.25071            0    192.12289 
     510    300.06068    315.53757            0    192.30114 
     511    300.34044    315.74763            0    192.48043 
     512    300.61871     315.9041            0    192.65876 
     513    300.90891    316.03477            0    192.84474 
     514     301.2324    316.14451            0    193.05206 
     515    301.53011    316.32586            0    193.24286 
     516    301.77314    316.63473            0    193.39861 
     517    301.94347    316.81211            0    193.50777 
     518    302.01738    316.76807            0    193.55513 
     519    302.01725    316.51803            0    193.55505 
     520    301.93962    316.00301            0     193.5053 
     521    301.77285    315.18163            0    193.39842 
     522    301.51053    314.18264            0    193.23031 
     523    301.15253    313.01539            0    193.00087 
     524     300.7329    311.55922            0    192.73195 
     525    300.24808     309.9776            0    192.42124 
     526    299.66281    308.32689            0    192.04615 
     527    299.00317    306.58889            0    191.62341 
     528    298.28697    304.74918            0    191.16441 
     529    297.50382    302.83179            0    190.66251 
     530    296.67137    301.07846            0    190.12902 
     531    295.82172    299.63801            0     189.5845 
     532    294.99715    298.57591            0    189.05605 
     533    294.21537    297.94269            0    188.55503 
     534    293.46211    297.67339            0    188.07228 
     535    292.75136    297.83358            0    187.61678 
     536     292.1003    298.44318            0    187.19953 
     537    291.50102    299.47396            0    186.81547 
     538    290.97099    300.90477            0    186.47579 
     539    290.53421     302.6957            0    186.19587 
     540    290.17511    304.81496            0    185.96573 
     541    289.87296    307.21983            0    185.77209 
     542     289.6413    309.83078            0    185.62363 
     543    289.48846     312.5453            0    185.52567 
     544    289.40873    315.19427            0    185.47457 
     545    289.40641    317.60948            0    185.47309 
     546    289.47767    319.76656            0    185.51876 
     547    289.60326    321.69831            0    185.59924 
     548    289.79992    323.33024            0    185.72528 
     549    290.05383    324.64651            0    185.88801 
     550    290.35747     325.5935            0     186.0826 
     551    290.74138     325.9937            0    186.32864 
     552    291.20858    325.85562            0    186.62806 
     553    291.75826    325.25906            0    186.98033 
     554    292.35642    324.34178            0    187.36368 
     555    292.98713    323.34649            0    187.76788 
     556      293.647    322.41506            0    188.19077 
     557    294.31042    321.53325            0    188.61595 
     558    294.98794    320.69301            0    189.05015 
     559    295.69174    319.90742            0     189.5012 
     560    296.40173    319.19138            0    189.95621 
     561    297.12898    318.51961            0    190.42228 
     562    297.86103    317.76388            0    190.89144 
     563    298.55629     316.9074            0    191.33701 
     564    299.18864      315.969            0    191.74227 
     565    299.71859    314.82986            0     192.0819 
     566    300.11772    313.49554            0    192.33769 
     567    300.40663    312.01632            0    192.52285 
     568    300.61158    310.30261            0    192.65419 
     569    300.75942    308.47342            0    192.74894 
     570    300.87247    306.70107            0    192.82139 
     571    300.92581    304.96313            0    192.85558 
     572     300.8903    303.27803            0    192.83282 
     573    300.78072    301.84476            0    192.76259 
     574    300.60009    300.71218            0    192.64683 
     575    300.33867    299.88202            0    192.47929 
     576    300.01556    299.46951            0    192.27222 
     577    299.65513    299.39599            0    192.04123 
     578    299.26334    299.52841            0    191.79014 
     579     298.8458    299.88213            0    191.52255 
     580    298.41648    300.43659            0    191.24741 
     581    297.99061     301.0754            0    190.97448 
     582    297.55598    301.84232            0    190.69594 
     583    297.11545    302.87837            0    190.41361 
     584     296.6929    304.11753            0    190.14281 
     585    296.24568    305.35361            0     189.8562 
     586    295.73859    306.49548            0    189.53122 
    