run  10
Neighbor list info ...
  update every 1 steps, delay 0 steps, check yes
  max neighbors/atom: 2000, page size: 100000
  master list distance cutoff = 10.7
  ghost atom cutoff = 10.7
  binsize = 5.35, bins = 4 4 4
  1 neighbor lists, perpetual/occasional/extra = 1 0 0
  (1) pair body, perpetual
      pair build: half/bin/newton
      stencil: half/bin/3d/newton
      bin: standard
Memory usage per processor = 7.06267 Mbytes
Step Temp c_1 PotEng TotEng 
       0            0            0            0            0 
       1    29.309003    78.413034            0  0.087364572 
       2    69.980009    92.235259            0   0.20859711 
       3    107.09351    78.644496            0   0.31922542 
       4    131.72528    174.27288            0   0.39264804 
       5    124.13193    163.58713            0    0.3700137 
       6    108.16083    122.62785            0    0.3224069 
       7    83.649903    173.85764            0   0.24934447 
       8    50.823398    112.05628            0    0.1514949 
       9     27.26909    78.412628            0  0.081283979 
      10    12.386957    94.136515            0  0.036923166 
Loop time of 0.0787652 on 1 procs for 10 steps with 2 atoms

Performance: 109.693 ns/day, 0.219 hours/ns, 126.960 timesteps/s
100.1% CPU use with 1 MPI tasks x no OpenMP threads

MPI task timing breakdown:
Section |  min time  |  avg time  |  max time  |%varavg| %total
---------------------------------------------------------------
Pair    | 0.078249   | 0.078249   | 0.078249   |   0.0 | 99.34
Neigh   | 0          | 0          | 0          |   0.0 |  0.00
Comm    | 1.1921e-05 | 1.1921e-05 | 1.1921e-05 |   0.0 |  0.02
Output  | 0.00045466 | 0.00045466 | 0.00045466 |   0.0 |  0.58
Modify  | 1.2636e-05 | 1.2636e-05 | 1.2636e-05 |   0.0 |  0.02
Other   |            | 3.672e-05  |            |       |  0.05

Nlocal:    2 ave 2 max 2 min
Histogram: 1 0 0 0 0 0 0 0 0 0
Nghost:    24 ave 24 max 24 min
Histogram: 1 0 0 0 0 0 0 0 0 0
Neighs:    1 ave 1 max 1 min
Histogram: 1 0 0 0 0 0 0 0 0 0

Total # of neighbors = 1
Ave neighs/atom = 0.5
Neighbor list builds = 0
Dangerous builds = 0
Total wall time: 0:01:28
